1617818722496:get-product-by-id
1617818909767:add-product
1617818993010:get-product-by-id
1617819101744:add-product
1617819238339:A
1617819241891:add-product
1617819508667:delete-product-by-id
1617819518426:4
1617819523201:delete-product-by-id
1617821850721:get-product-by-id
1617822147171:add-product
1617822163010:get-product-by-id
1617822591848:byc
1617822598573:Get products by category
1617822615084:pb
1617822642177:clear
1617822709708:p
1617822711867:get-products
1617822783664:getProducts
1617822793718:p
1617822804459:delete-product-by-id
1617822836576:g
1617822839443:p
1617822841403:product
1617822934531:stacktrace
1617823255433:p
1617823258002:product
1617823351849:test
1617823436792:getProductByCategory
1617823449133:getProductBy
1617823504825:test
1617823558609:get-products
1617823560524:by-category
1617823942546:max-price
